[2020-06-12T15:10:21.974] [INFO] resLogger - 
*************** response log start ***************
request method: POST
request originalUrl:  /api/v1/users/login
request client ip:  ::ffff:127.0.0.1
request body: 
{"userName":"libing070","password":"b48d0a8a77c52b35f15ed8c249511d5b"}
response time: 46
response status: 200
response body: 
{"code":200,"msg":"登录成功","data":{"userName":"libing070"}}
*************** response log end ***************

[2020-06-12T16:18:37.042] [INFO] resLogger - 
*************** response log start ***************
request method: POST
request originalUrl:  /api/v1/users/login
request client ip:  ::ffff:127.0.0.1
request body: 
{"userName":"libing070","password":"b48d0a8a77c52b35f15ed8c249511d5b"}
response time: 21
response status: 200
response body: 
{"code":200,"msg":"登录成功","data":{"userName":"libing070"}}
*************** response log end ***************

[2020-06-12T16:18:52.294] [INFO] resLogger - 
*************** response log start ***************
request method: POST
request originalUrl:  /api/v1/users/login
request client ip:  ::ffff:127.0.0.1
request body: 
{"userName":"libing070","password":"b48d0a8a77c52b35f15ed8c249511d5b"}
response time: 13
response status: 200
response body: 
{"code":200,"msg":"登录成功","data":{"userName":"libing070"}}
*************** response log end ***************

